Connecting to database specified by database.yml
Connecting to database specified by database.yml
Connecting to database specified by database.yml
Connecting to database specified by database.yml
  [1m[36m (0.1ms)[0m  [1mselect sqlite_version(*)[0m
  [1m[35m (316.8ms)[0m  CREATE TABLE "schema_migrations" ("version" varchar(255) NOT NULL) 
  [1m[36m (279.1ms)[0m  [1mCREATE UNIQUE INDEX "unique_schema_migrations" ON "schema_migrations" ("version")[0m
  [1m[35m (0.1ms)[0m  SELECT "schema_migrations"."version" FROM "schema_migrations" 
Migrating to CreateUsers (20130402213340)
  [1m[36m (0.1ms)[0m  [1mbegin transaction[0m
  [1m[35m (0.7ms)[0m  CREATE TABLE "users" ("id" INTEGER PRIMARY KEY AUTOINCREMENT NOT NULL, "email" varchar(255), "password_hash" varchar(255), "password_salt" varchar(255), "created_at" datetime NOT NULL, "updated_at" datetime NOT NULL) 
  [1m[36m (0.2ms)[0m  [1mINSERT INTO "schema_migrations" ("version") VALUES ('20130402213340')[0m
  [1m[35m (272.4ms)[0m  commit transaction
  [1m[36m (0.1ms)[0m  [1mSELECT "schema_migrations"."version" FROM "schema_migrations" [0m
Connecting to database specified by database.yml


Started GET "/assets/rails.png" for 127.0.0.1 at 2013-04-02 19:07:29 -0300
Served asset /rails.png - 304 Not Modified (3ms)


Started GET "/sign_up" for 127.0.0.1 at 2013-04-02 19:07:35 -0300
Processing by UsersController#new as HTML
  Rendered users/new.html.erb within layouts/application (229.2ms)
Compiled users.css  (99ms)  (pid 20402)
Compiled application.css  (103ms)  (pid 20402)
Compiled jquery.js  (4ms)  (pid 20402)
Compiled jquery_ujs.js  (0ms)  (pid 20402)
Compiled users.js  (387ms)  (pid 20402)
Compiled application.js  (404ms)  (pid 20402)
Completed 200 OK in 1104ms (Views: 762.0ms | ActiveRecord: 1.1ms)


Started GET "/assets/application.css?body=1" for 127.0.0.1 at 2013-04-02 19:07:36 -0300
Served asset /application.css - 304 Not Modified (10ms)


Started GET "/assets/users.js?body=1" for 127.0.0.1 at 2013-04-02 19:07:36 -0300
Served asset /users.js - 304 Not Modified (2ms)


Started GET "/assets/users.css?body=1" for 127.0.0.1 at 2013-04-02 19:07:36 -0300
Served asset /users.css - 304 Not Modified (3ms)


Started GET "/assets/jquery_ujs.js?body=1" for 127.0.0.1 at 2013-04-02 19:07:36 -0300
Served asset /jquery_ujs.js - 304 Not Modified (3ms)


Started GET "/assets/application.js?body=1" for 127.0.0.1 at 2013-04-02 19:07:36 -0300
Served asset /application.js - 304 Not Modified (9ms)


Started GET "/assets/jquery.js?body=1" for 127.0.0.1 at 2013-04-02 19:07:36 -0300
Served asset /jquery.js - 304 Not Modified (6ms)


Started GET "/sign_up" for 127.0.0.1 at 2013-04-02 19:14:44 -0300
Processing by UsersController#new as HTML
  Rendered users/new.html.erb within layouts/application (2.8ms)
Completed 200 OK in 21ms (Views: 12.0ms | ActiveRecord: 0.4ms)


Started GET "/assets/jquery.js?body=1" for 127.0.0.1 at 2013-04-02 19:14:44 -0300
Served asset /jquery.js - 304 Not Modified (6ms)


Started GET "/assets/jquery_ujs.js?body=1" for 127.0.0.1 at 2013-04-02 19:14:44 -0300
Served asset /jquery_ujs.js - 304 Not Modified (0ms)


Started GET "/assets/users.js?body=1" for 127.0.0.1 at 2013-04-02 19:14:44 -0300
Served asset /users.js - 304 Not Modified (0ms)


Started GET "/assets/application.css?body=1" for 127.0.0.1 at 2013-04-02 19:14:44 -0300
Served asset /application.css - 304 Not Modified (0ms)


Started GET "/assets/users.css?body=1" for 127.0.0.1 at 2013-04-02 19:14:44 -0300
Served asset /users.css - 304 Not Modified (0ms)


Started GET "/assets/application.js?body=1" for 127.0.0.1 at 2013-04-02 19:14:44 -0300
Served asset /application.js - 304 Not Modified (1ms)


Started POST "/users" for 127.0.0.1 at 2013-04-02 19:14:51 -0300
Processing by UsersController#create as HTML
  Parameters: {"utf8"=>"✓", "authenticity_token"=>"J3rZlryOESsg0Klf8lPT/MXAETWtfR/dizZgYCSZD8g=", "user"=>{"email"=>"nicozuasti@gmail.com", "password"=>"[FILTERED]", "password_confirmation"=>"[FILTERED]"}, "commit"=>"Create User"}
Completed 500 Internal Server Error in 1ms

ActiveModel::MassAssignmentSecurity::Error (Can't mass-assign protected attributes: email, password, password_confirmation):
  app/controllers/users_controller.rb:7:in `new'
  app/controllers/users_controller.rb:7:in `create'


  Rendered /home/zonic/.rvm/gems/ruby-2.0.0-p0/gems/actionpack-3.2.13/lib/action_dispatch/middleware/templates/rescues/_trace.erb (1.1ms)
  Rendered /home/zonic/.rvm/gems/ruby-2.0.0-p0/gems/actionpack-3.2.13/lib/action_dispatch/middleware/templates/rescues/_request_and_response.erb (1.0ms)
  Rendered /home/zonic/.rvm/gems/ruby-2.0.0-p0/gems/actionpack-3.2.13/lib/action_dispatch/middleware/templates/rescues/diagnostics.erb within rescues/layout (33.8ms)


Started GET "/sign_up" for 127.0.0.1 at 2013-04-02 19:14:57 -0300
Processing by UsersController#new as HTML
  Rendered users/new.html.erb within layouts/application (5.5ms)
Completed 200 OK in 20ms (Views: 19.5ms | ActiveRecord: 0.0ms)


Started GET "/assets/application.css?body=1" for 127.0.0.1 at 2013-04-02 19:14:57 -0300
Served asset /application.css - 304 Not Modified (0ms)


Started GET "/assets/users.css?body=1" for 127.0.0.1 at 2013-04-02 19:14:57 -0300
Served asset /users.css - 304 Not Modified (1ms)


Started GET "/assets/jquery.js?body=1" for 127.0.0.1 at 2013-04-02 19:14:57 -0300
Served asset /jquery.js - 304 Not Modified (1ms)


Started GET "/assets/users.js?body=1" for 127.0.0.1 at 2013-04-02 19:14:57 -0300
Served asset /users.js - 304 Not Modified (0ms)


Started GET "/assets/jquery_ujs.js?body=1" for 127.0.0.1 at 2013-04-02 19:14:57 -0300
Served asset /jquery_ujs.js - 304 Not Modified (0ms)


Started GET "/assets/application.js?body=1" for 127.0.0.1 at 2013-04-02 19:14:57 -0300
Served asset /application.js - 304 Not Modified (1ms)


Started POST "/users" for 127.0.0.1 at 2013-04-02 19:15:01 -0300
Processing by UsersController#create as HTML
  Parameters: {"utf8"=>"✓", "authenticity_token"=>"J3rZlryOESsg0Klf8lPT/MXAETWtfR/dizZgYCSZD8g=", "user"=>{"email"=>"nicozuasti@gmail.com", "password"=>"[FILTERED]", "password_confirmation"=>"[FILTERED]"}, "commit"=>"Create User"}
Completed 500 Internal Server Error in 1ms

ActiveModel::MassAssignmentSecurity::Error (Can't mass-assign protected attributes: email, password, password_confirmation):
  app/controllers/users_controller.rb:7:in `new'
  app/controllers/users_controller.rb:7:in `create'


  Rendered /home/zonic/.rvm/gems/ruby-2.0.0-p0/gems/actionpack-3.2.13/lib/action_dispatch/middleware/templates/rescues/_trace.erb (1.3ms)
  Rendered /home/zonic/.rvm/gems/ruby-2.0.0-p0/gems/actionpack-3.2.13/lib/action_dispatch/middleware/templates/rescues/_request_and_response.erb (1.1ms)
  Rendered /home/zonic/.rvm/gems/ruby-2.0.0-p0/gems/actionpack-3.2.13/lib/action_dispatch/middleware/templates/rescues/diagnostics.erb within rescues/layout (7.9ms)
Connecting to database specified by database.yml


Started GET "/sign_up" for 127.0.0.1 at 2013-04-02 19:15:26 -0300
Processing by UsersController#new as HTML
  Rendered users/new.html.erb within layouts/application (7.1ms)
Completed 200 OK in 328ms (Views: 284.1ms | ActiveRecord: 0.9ms)


Started GET "/assets/users.css?body=1" for 127.0.0.1 at 2013-04-02 19:15:26 -0300
Served asset /users.css - 304 Not Modified (2ms)


Started GET "/assets/application.css?body=1" for 127.0.0.1 at 2013-04-02 19:15:26 -0300
Served asset /application.css - 304 Not Modified (5ms)


Started GET "/assets/jquery_ujs.js?body=1" for 127.0.0.1 at 2013-04-02 19:15:26 -0300
Served asset /jquery_ujs.js - 304 Not Modified (2ms)


Started GET "/assets/jquery.js?body=1" for 127.0.0.1 at 2013-04-02 19:15:26 -0300
Served asset /jquery.js - 304 Not Modified (3ms)


Started GET "/assets/users.js?body=1" for 127.0.0.1 at 2013-04-02 19:15:26 -0300
Served asset /users.js - 304 Not Modified (1ms)


Started GET "/assets/application.js?body=1" for 127.0.0.1 at 2013-04-02 19:15:26 -0300
Served asset /application.js - 304 Not Modified (5ms)


Started POST "/users" for 127.0.0.1 at 2013-04-02 19:15:34 -0300
Processing by UsersController#create as HTML
  Parameters: {"utf8"=>"✓", "authenticity_token"=>"J3rZlryOESsg0Klf8lPT/MXAETWtfR/dizZgYCSZD8g=", "user"=>{"email"=>"", "password"=>"[FILTERED]", "password_confirmation"=>"[FILTERED]"}, "commit"=>"Create User"}
Completed 500 Internal Server Error in 1ms

ActiveModel::MassAssignmentSecurity::Error (Can't mass-assign protected attributes: email, password, password_confirmation):
  app/controllers/users_controller.rb:7:in `new'
  app/controllers/users_controller.rb:7:in `create'


  Rendered /home/zonic/.rvm/gems/ruby-2.0.0-p0/gems/actionpack-3.2.13/lib/action_dispatch/middleware/templates/rescues/_trace.erb (1.2ms)
  Rendered /home/zonic/.rvm/gems/ruby-2.0.0-p0/gems/actionpack-3.2.13/lib/action_dispatch/middleware/templates/rescues/_request_and_response.erb (1.0ms)
  Rendered /home/zonic/.rvm/gems/ruby-2.0.0-p0/gems/actionpack-3.2.13/lib/action_dispatch/middleware/templates/rescues/diagnostics.erb within rescues/layout (6.8ms)


Started POST "/users" for 127.0.0.1 at 2013-04-02 19:15:59 -0300
Processing by UsersController#create as HTML
  Parameters: {"utf8"=>"✓", "authenticity_token"=>"J3rZlryOESsg0Klf8lPT/MXAETWtfR/dizZgYCSZD8g=", "user"=>{"email"=>"nicozuasti@gmail.com", "password"=>"[FILTERED]", "password_confirmation"=>"[FILTERED]"}, "commit"=>"Create User"}
Completed 500 Internal Server Error in 2ms

ActiveModel::MassAssignmentSecurity::Error (Can't mass-assign protected attributes: password, password_confirmation):
  app/controllers/users_controller.rb:7:in `new'
  app/controllers/users_controller.rb:7:in `create'


  Rendered /home/zonic/.rvm/gems/ruby-2.0.0-p0/gems/actionpack-3.2.13/lib/action_dispatch/middleware/templates/rescues/_trace.erb (1.2ms)
  Rendered /home/zonic/.rvm/gems/ruby-2.0.0-p0/gems/actionpack-3.2.13/lib/action_dispatch/middleware/templates/rescues/_request_and_response.erb (1.1ms)
  Rendered /home/zonic/.rvm/gems/ruby-2.0.0-p0/gems/actionpack-3.2.13/lib/action_dispatch/middleware/templates/rescues/diagnostics.erb within rescues/layout (31.8ms)


Started GET "/sign_up" for 127.0.0.1 at 2013-04-02 19:16:03 -0300
Processing by UsersController#new as HTML
  Rendered users/new.html.erb within layouts/application (2.9ms)
Completed 200 OK in 22ms (Views: 13.2ms | ActiveRecord: 0.0ms)


Started GET "/assets/users.css?body=1" for 127.0.0.1 at 2013-04-02 19:16:03 -0300
Served asset /users.css - 304 Not Modified (0ms)


Started GET "/assets/jquery_ujs.js?body=1" for 127.0.0.1 at 2013-04-02 19:16:03 -0300
Served asset /jquery_ujs.js - 304 Not Modified (0ms)


Started GET "/assets/application.js?body=1" for 127.0.0.1 at 2013-04-02 19:16:03 -0300
Served asset /application.js - 304 Not Modified (1ms)


Started GET "/assets/application.css?body=1" for 127.0.0.1 at 2013-04-02 19:16:03 -0300
Served asset /application.css - 304 Not Modified (0ms)


Started GET "/assets/jquery.js?body=1" for 127.0.0.1 at 2013-04-02 19:16:03 -0300
Served asset /jquery.js - 304 Not Modified (1ms)


Started GET "/assets/users.js?body=1" for 127.0.0.1 at 2013-04-02 19:16:03 -0300
Served asset /users.js - 304 Not Modified (0ms)


Started POST "/users" for 127.0.0.1 at 2013-04-02 19:16:05 -0300
Processing by UsersController#create as HTML
  Parameters: {"utf8"=>"✓", "authenticity_token"=>"J3rZlryOESsg0Klf8lPT/MXAETWtfR/dizZgYCSZD8g=", "user"=>{"email"=>"nicozuasti@gmail.com", "password"=>"[FILTERED]", "password_confirmation"=>"[FILTERED]"}, "commit"=>"Create User"}
Completed 500 Internal Server Error in 1ms

ActiveModel::MassAssignmentSecurity::Error (Can't mass-assign protected attributes: password, password_confirmation):
  app/controllers/users_controller.rb:7:in `new'
  app/controllers/users_controller.rb:7:in `create'


  Rendered /home/zonic/.rvm/gems/ruby-2.0.0-p0/gems/actionpack-3.2.13/lib/action_dispatch/middleware/templates/rescues/_trace.erb (1.3ms)
  Rendered /home/zonic/.rvm/gems/ruby-2.0.0-p0/gems/actionpack-3.2.13/lib/action_dispatch/middleware/templates/rescues/_request_and_response.erb (2.3ms)
  Rendered /home/zonic/.rvm/gems/ruby-2.0.0-p0/gems/actionpack-3.2.13/lib/action_dispatch/middleware/templates/rescues/diagnostics.erb within rescues/layout (56.6ms)
Connecting to database specified by database.yml


Started GET "/sign_up" for 127.0.0.1 at 2013-04-02 19:16:17 -0300
Processing by UsersController#new as HTML
  Rendered users/new.html.erb within layouts/application (7.2ms)
Completed 200 OK in 69ms (Views: 28.1ms | ActiveRecord: 0.9ms)


Started GET "/assets/application.css?body=1" for 127.0.0.1 at 2013-04-02 19:16:17 -0300
Served asset /application.css - 304 Not Modified (4ms)


Started GET "/assets/jquery.js?body=1" for 127.0.0.1 at 2013-04-02 19:16:17 -0300
Served asset /jquery.js - 304 Not Modified (19ms)


Started GET "/assets/users.css?body=1" for 127.0.0.1 at 2013-04-02 19:16:17 -0300
Served asset /users.css - 304 Not Modified (1ms)


Started GET "/assets/jquery_ujs.js?body=1" for 127.0.0.1 at 2013-04-02 19:16:17 -0300
Served asset /jquery_ujs.js - 304 Not Modified (1ms)


Started GET "/assets/users.js?body=1" for 127.0.0.1 at 2013-04-02 19:16:17 -0300
Served asset /users.js - 304 Not Modified (1ms)


Started GET "/assets/application.js?body=1" for 127.0.0.1 at 2013-04-02 19:16:17 -0300
Served asset /application.js - 304 Not Modified (7ms)


Started POST "/users" for 127.0.0.1 at 2013-04-02 19:16:19 -0300
Processing by UsersController#create as HTML
  Parameters: {"utf8"=>"✓", "authenticity_token"=>"J3rZlryOESsg0Klf8lPT/MXAETWtfR/dizZgYCSZD8g=", "user"=>{"email"=>"nicozuasti@gmail.com", "password"=>"[FILTERED]", "password_confirmation"=>"[FILTERED]"}, "commit"=>"Create User"}
Completed 500 Internal Server Error in 1ms

ActiveModel::MassAssignmentSecurity::Error (Can't mass-assign protected attributes: password, password_confirmation):
  app/controllers/users_controller.rb:7:in `new'
  app/controllers/users_controller.rb:7:in `create'


  Rendered /home/zonic/.rvm/gems/ruby-2.0.0-p0/gems/actionpack-3.2.13/lib/action_dispatch/middleware/templates/rescues/_trace.erb (1.2ms)
  Rendered /home/zonic/.rvm/gems/ruby-2.0.0-p0/gems/actionpack-3.2.13/lib/action_dispatch/middleware/templates/rescues/_request_and_response.erb (1.1ms)
  Rendered /home/zonic/.rvm/gems/ruby-2.0.0-p0/gems/actionpack-3.2.13/lib/action_dispatch/middleware/templates/rescues/diagnostics.erb within rescues/layout (8.2ms)


Started POST "/users" for 127.0.0.1 at 2013-04-02 19:25:05 -0300
Processing by UsersController#create as HTML
  Parameters: {"utf8"=>"✓", "authenticity_token"=>"J3rZlryOESsg0Klf8lPT/MXAETWtfR/dizZgYCSZD8g=", "user"=>{"email"=>"nicozuasti@gmail.com", "password"=>"[FILTERED]", "password_confirmation"=>"[FILTERED]"}, "commit"=>"Create User"}
Completed 500 Internal Server Error in 2ms

ActiveModel::MassAssignmentSecurity::Error (Can't mass-assign protected attributes: email, password, password_confirmation):
  app/controllers/users_controller.rb:7:in `new'
  app/controllers/users_controller.rb:7:in `create'


  Rendered /home/zonic/.rvm/gems/ruby-2.0.0-p0/gems/actionpack-3.2.13/lib/action_dispatch/middleware/templates/rescues/_trace.erb (1.2ms)
  Rendered /home/zonic/.rvm/gems/ruby-2.0.0-p0/gems/actionpack-3.2.13/lib/action_dispatch/middleware/templates/rescues/_request_and_response.erb (0.9ms)
  Rendered /home/zonic/.rvm/gems/ruby-2.0.0-p0/gems/actionpack-3.2.13/lib/action_dispatch/middleware/templates/rescues/diagnostics.erb within rescues/layout (31.3ms)


Started POST "/users" for 127.0.0.1 at 2013-04-02 19:26:06 -0300
Processing by UsersController#create as HTML
  Parameters: {"utf8"=>"✓", "authenticity_token"=>"J3rZlryOESsg0Klf8lPT/MXAETWtfR/dizZgYCSZD8g=", "user"=>{"email"=>"nicozuasti@gmail.com", "password"=>"[FILTERED]", "password_confirmation"=>"[FILTERED]"}, "commit"=>"Create User"}
Completed 500 Internal Server Error in 2ms

ActiveModel::MassAssignmentSecurity::Error (Can't mass-assign protected attributes: password, password_confirmation):
  app/controllers/users_controller.rb:7:in `new'
  app/controllers/users_controller.rb:7:in `create'


  Rendered /home/zonic/.rvm/gems/ruby-2.0.0-p0/gems/actionpack-3.2.13/lib/action_dispatch/middleware/templates/rescues/_trace.erb (1.0ms)
  Rendered /home/zonic/.rvm/gems/ruby-2.0.0-p0/gems/actionpack-3.2.13/lib/action_dispatch/middleware/templates/rescues/_request_and_response.erb (1.0ms)
  Rendered /home/zonic/.rvm/gems/ruby-2.0.0-p0/gems/actionpack-3.2.13/lib/action_dispatch/middleware/templates/rescues/diagnostics.erb within rescues/layout (6.6ms)


Started GET "/sign_up" for 127.0.0.1 at 2013-04-02 19:28:18 -0300
Processing by UsersController#new as HTML
  Rendered users/new.html.erb within layouts/application (2.9ms)
Completed 200 OK in 21ms (Views: 12.7ms | ActiveRecord: 0.4ms)


Started GET "/assets/users.css?body=1" for 127.0.0.1 at 2013-04-02 19:28:18 -0300
Served asset /users.css - 304 Not Modified (0ms)


Started GET "/assets/jquery.js?body=1" for 127.0.0.1 at 2013-04-02 19:28:18 -0300
Served asset /jquery.js - 304 Not Modified (1ms)


Started GET "/assets/jquery_ujs.js?body=1" for 127.0.0.1 at 2013-04-02 19:28:18 -0300
Served asset /jquery_ujs.js - 304 Not Modified (0ms)


Started GET "/assets/users.js?body=1" for 127.0.0.1 at 2013-04-02 19:28:18 -0300
Served asset /users.js - 304 Not Modified (0ms)


Started GET "/assets/application.js?body=1" for 127.0.0.1 at 2013-04-02 19:28:18 -0300
Served asset /application.js - 304 Not Modified (1ms)


Started GET "/assets/application.css?body=1" for 127.0.0.1 at 2013-04-02 19:28:18 -0300
Served asset /application.css - 304 Not Modified (0ms)


Started POST "/users" for 127.0.0.1 at 2013-04-02 19:28:21 -0300
Processing by UsersController#create as HTML
  Parameters: {"utf8"=>"✓", "authenticity_token"=>"J3rZlryOESsg0Klf8lPT/MXAETWtfR/dizZgYCSZD8g=", "user"=>{"email"=>"nicozuasti@gmail.com", "password"=>"[FILTERED]", "password_confirmation"=>"[FILTERED]"}, "commit"=>"Create User"}
  [1m[36m (0.1ms)[0m  [1mbegin transaction[0m
  [1m[35mUser Exists (0.3ms)[0m  SELECT 1 AS one FROM "users" WHERE "users"."email" = 'nicozuasti@gmail.com' LIMIT 1
  [1m[36m (0.1ms)[0m  [1mrollback transaction[0m
Completed 500 Internal Server Error in 534ms

NameError (uninitialized constant User::BCrypt):
  app/models/user.rb:14:in `encrypt_password'
  app/controllers/users_controller.rb:10:in `create'


  Rendered /home/zonic/.rvm/gems/ruby-2.0.0-p0/gems/actionpack-3.2.13/lib/action_dispatch/middleware/templates/rescues/_trace.erb (1.0ms)
  Rendered /home/zonic/.rvm/gems/ruby-2.0.0-p0/gems/actionpack-3.2.13/lib/action_dispatch/middleware/templates/rescues/_request_and_response.erb (1.1ms)
  Rendered /home/zonic/.rvm/gems/ruby-2.0.0-p0/gems/actionpack-3.2.13/lib/action_dispatch/middleware/templates/rescues/diagnostics.erb within rescues/layout (6.8ms)
Connecting to database specified by database.yml


Started POST "/users" for 127.0.0.1 at 2013-04-02 19:33:14 -0300
Processing by UsersController#create as HTML
  Parameters: {"utf8"=>"✓", "authenticity_token"=>"J3rZlryOESsg0Klf8lPT/MXAETWtfR/dizZgYCSZD8g=", "user"=>{"email"=>"nicozuasti@gmail.com", "password"=>"[FILTERED]", "password_confirmation"=>"[FILTERED]"}, "commit"=>"Create User"}
  [1m[36m (0.1ms)[0m  [1mbegin transaction[0m
  [1m[35mUser Exists (0.1ms)[0m  SELECT 1 AS one FROM "users" WHERE "users"."email" = 'nicozuasti@gmail.com' LIMIT 1
  [1m[36m (0.0ms)[0m  [1mrollback transaction[0m
Completed 500 Internal Server Error in 28ms

BCrypt::Errors::InvalidSalt (invalid salt):
  app/models/user.rb:15:in `encrypt_password'
  app/controllers/users_controller.rb:10:in `create'


  Rendered /home/zonic/.rvm/gems/ruby-2.0.0-p0/gems/actionpack-3.2.13/lib/action_dispatch/middleware/templates/rescues/_trace.erb (1.1ms)
  Rendered /home/zonic/.rvm/gems/ruby-2.0.0-p0/gems/actionpack-3.2.13/lib/action_dispatch/middleware/templates/rescues/_request_and_response.erb (1.0ms)
  Rendered /home/zonic/.rvm/gems/ruby-2.0.0-p0/gems/actionpack-3.2.13/lib/action_dispatch/middleware/templates/rescues/diagnostics.erb within rescues/layout (33.3ms)
Connecting to database specified by database.yml


Started POST "/users" for 127.0.0.1 at 2013-04-02 19:37:52 -0300
Processing by UsersController#create as HTML
  Parameters: {"utf8"=>"✓", "authenticity_token"=>"J3rZlryOESsg0Klf8lPT/MXAETWtfR/dizZgYCSZD8g=", "user"=>{"email"=>"nicozuasti@gmail.com", "password"=>"[FILTERED]", "password_confirmation"=>"[FILTERED]"}, "commit"=>"Create User"}
  [1m[36m (0.1ms)[0m  [1mbegin transaction[0m
  [1m[35mUser Exists (0.1ms)[0m  SELECT 1 AS one FROM "users" WHERE "users"."email" = 'nicozuasti@gmail.com' LIMIT 1
  [1m[36m (0.1ms)[0m  [1mrollback transaction[0m
Completed 500 Internal Server Error in 54ms

BCrypt::Errors::InvalidSalt (invalid salt):
  app/models/user.rb:15:in `encrypt_password'
  app/controllers/users_controller.rb:10:in `create'


  Rendered /home/zonic/.rvm/gems/ruby-2.0.0-p0/gems/actionpack-3.2.13/lib/action_dispatch/middleware/templates/rescues/_trace.erb (1.2ms)
  Rendered /home/zonic/.rvm/gems/ruby-2.0.0-p0/gems/actionpack-3.2.13/lib/action_dispatch/middleware/templates/rescues/_request_and_response.erb (0.9ms)
  Rendered /home/zonic/.rvm/gems/ruby-2.0.0-p0/gems/actionpack-3.2.13/lib/action_dispatch/middleware/templates/rescues/diagnostics.erb within rescues/layout (7.0ms)
Connecting to database specified by database.yml


Started POST "/users" for 127.0.0.1 at 2013-04-02 19:46:53 -0300
Processing by UsersController#create as HTML
  Parameters: {"utf8"=>"✓", "authenticity_token"=>"J3rZlryOESsg0Klf8lPT/MXAETWtfR/dizZgYCSZD8g=", "user"=>{"email"=>"nicozuasti@gmail.com", "password"=>"[FILTERED]", "password_confirmation"=>"[FILTERED]"}, "commit"=>"Create User"}
  [1m[36m (0.1ms)[0m  [1mbegin transaction[0m
  [1m[35mUser Exists (0.1ms)[0m  SELECT 1 AS one FROM "users" WHERE "users"."email" = 'nicozuasti@gmail.com' LIMIT 1
  [1m[36m (0.1ms)[0m  [1mrollback transaction[0m
Completed 500 Internal Server Error in 29ms

BCrypt::Errors::InvalidSalt (invalid salt):
  app/models/user.rb:15:in `encrypt_password'
  app/controllers/users_controller.rb:10:in `create'


  Rendered /home/zonic/.rvm/gems/ruby-2.0.0-p0/gems/actionpack-3.2.13/lib/action_dispatch/middleware/templates/rescues/_trace.erb (1.1ms)
  Rendered /home/zonic/.rvm/gems/ruby-2.0.0-p0/gems/actionpack-3.2.13/lib/action_dispatch/middleware/templates/rescues/_request_and_response.erb (1.0ms)
  Rendered /home/zonic/.rvm/gems/ruby-2.0.0-p0/gems/actionpack-3.2.13/lib/action_dispatch/middleware/templates/rescues/diagnostics.erb within rescues/layout (32.5ms)


Started POST "/users" for 127.0.0.1 at 2013-04-02 19:49:48 -0300
Processing by UsersController#create as HTML
  Parameters: {"utf8"=>"✓", "authenticity_token"=>"J3rZlryOESsg0Klf8lPT/MXAETWtfR/dizZgYCSZD8g=", "user"=>{"email"=>"nicozuasti@gmail.com", "password"=>"[FILTERED]", "password_confirmation"=>"[FILTERED]"}, "commit"=>"Create User"}
  [1m[35m (0.0ms)[0m  begin transaction
  [1m[36mUser Exists (0.1ms)[0m  [1mSELECT 1 AS one FROM "users" WHERE "users"."email" = 'nicozuasti@gmail.com' LIMIT 1[0m
  [1m[35m (0.0ms)[0m  rollback transaction
Completed 500 Internal Server Error in 11ms

NoMethodError (undefined method `to_i' for {:cost=>10}:Hash):
  app/models/user.rb:14:in `encrypt_password'
  app/controllers/users_controller.rb:10:in `create'


  Rendered /home/zonic/.rvm/gems/ruby-2.0.0-p0/gems/actionpack-3.2.13/lib/action_dispatch/middleware/templates/rescues/_trace.erb (1.2ms)
  Rendered /home/zonic/.rvm/gems/ruby-2.0.0-p0/gems/actionpack-3.2.13/lib/action_dispatch/middleware/templates/rescues/_request_and_response.erb (0.9ms)
  Rendered /home/zonic/.rvm/gems/ruby-2.0.0-p0/gems/actionpack-3.2.13/lib/action_dispatch/middleware/templates/rescues/diagnostics.erb within rescues/layout (6.6ms)


Started POST "/users" for 127.0.0.1 at 2013-04-02 19:50:47 -0300
Processing by UsersController#create as HTML
  Parameters: {"utf8"=>"✓", "authenticity_token"=>"J3rZlryOESsg0Klf8lPT/MXAETWtfR/dizZgYCSZD8g=", "user"=>{"email"=>"nicozuasti@gmail.com", "password"=>"[FILTERED]", "password_confirmation"=>"[FILTERED]"}, "commit"=>"Create User"}
  [1m[36m (0.1ms)[0m  [1mbegin transaction[0m
  [1m[35mUser Exists (0.1ms)[0m  SELECT 1 AS one FROM "users" WHERE "users"."email" = 'nicozuasti@gmail.com' LIMIT 1
  [1m[36m (0.1ms)[0m  [1mrollback transaction[0m
Completed 500 Internal Server Error in 11ms

NoMethodError (undefined method `to_i' for {:cost=>10}:Hash):
  app/models/user.rb:14:in `encrypt_password'
  app/controllers/users_controller.rb:10:in `create'


  Rendered /home/zonic/.rvm/gems/ruby-2.0.0-p0/gems/actionpack-3.2.13/lib/action_dispatch/middleware/templates/rescues/_trace.erb (1.2ms)
  Rendered /home/zonic/.rvm/gems/ruby-2.0.0-p0/gems/actionpack-3.2.13/lib/action_dispatch/middleware/templates/rescues/_request_and_response.erb (0.9ms)
  Rendered /home/zonic/.rvm/gems/ruby-2.0.0-p0/gems/actionpack-3.2.13/lib/action_dispatch/middleware/templates/rescues/diagnostics.erb within rescues/layout (6.7ms)


Started POST "/users" for 127.0.0.1 at 2013-04-02 19:51:11 -0300
Processing by UsersController#create as HTML
  Parameters: {"utf8"=>"✓", "authenticity_token"=>"J3rZlryOESsg0Klf8lPT/MXAETWtfR/dizZgYCSZD8g=", "user"=>{"email"=>"nicozuasti@gmail.com", "password"=>"[FILTERED]", "password_confirmation"=>"[FILTERED]"}, "commit"=>"Create User"}
  [1m[35m (0.1ms)[0m  begin transaction
  [1m[36mUser Exists (0.1ms)[0m  [1mSELECT 1 AS one FROM "users" WHERE "users"."email" = 'nicozuasti@gmail.com' LIMIT 1[0m
Binary data inserted for `string` type on column `password_hash`
Binary data inserted for `string` type on column `password_salt`
  [1m[35mSQL (68.8ms)[0m  INSERT INTO "users" ("created_at", "email", "password_hash", "password_salt", "updated_at") VALUES (?, ?, ?, ?, ?)  [["created_at", Tue, 02 Apr 2013 22:51:11 UTC +00:00], ["email", "nicozuasti@gmail.com"], ["password_hash", "$2a$10$80CNKiY5TjSUW2G/MlZ.Ru86DcV4.R0uDvPFE78okHXhWqvto6ldq"], ["password_salt", "$2a$10$80CNKiY5TjSUW2G/MlZ.Ru"], ["updated_at", Tue, 02 Apr 2013 22:51:11 UTC +00:00]]
  [1m[36m (306.4ms)[0m  [1mcommit transaction[0m
Redirected to http://localhost:3000/
Completed 302 Found in 467ms (ActiveRecord: 375.7ms)


Started GET "/assets/rails.png" for 127.0.0.1 at 2013-04-02 19:51:11 -0300
Served asset /rails.png - 304 Not Modified (35ms)
Connecting to database specified by database.yml
Connecting to database specified by database.yml


Started GET "/log_in" for 127.0.0.1 at 2013-04-02 20:17:04 -0300
Processing by SessionsController#new as HTML
  Rendered sessions/new.html.erb within layouts/application (1.8ms)
Compiled sessions.css  (28ms)  (pid 21264)
Compiled application.css  (32ms)  (pid 21264)
Compiled sessions.js  (62ms)  (pid 21264)
Compiled application.js  (66ms)  (pid 21264)
Completed 200 OK in 139ms (Views: 138.3ms | ActiveRecord: 0.0ms)


Started GET "/assets/jquery.js?body=1" for 127.0.0.1 at 2013-04-02 20:17:05 -0300
Served asset /jquery.js - 304 Not Modified (7ms)


Started GET "/assets/users.css?body=1" for 127.0.0.1 at 2013-04-02 20:17:05 -0300
Served asset /users.css - 304 Not Modified (14ms)


Started GET "/assets/application.css?body=1" for 127.0.0.1 at 2013-04-02 20:17:05 -0300
Served asset /application.css - 304 Not Modified (16ms)


Started GET "/assets/sessions.css?body=1" for 127.0.0.1 at 2013-04-02 20:17:05 -0300
Served asset /sessions.css - 304 Not Modified (1ms)


Started GET "/assets/jquery_ujs.js?body=1" for 127.0.0.1 at 2013-04-02 20:17:05 -0300
Served asset /jquery_ujs.js - 304 Not Modified (3ms)


Started GET "/assets/sessions.js?body=1" for 127.0.0.1 at 2013-04-02 20:17:05 -0300
Served asset /sessions.js - 304 Not Modified (3ms)


Started GET "/assets/users.js?body=1" for 127.0.0.1 at 2013-04-02 20:17:05 -0300
Served asset /users.js - 304 Not Modified (1ms)


Started GET "/assets/application.js?body=1" for 127.0.0.1 at 2013-04-02 20:17:05 -0300
Served asset /application.js - 304 Not Modified (8ms)


Started POST "/sessions" for 127.0.0.1 at 2013-04-02 20:17:12 -0300
Processing by SessionsController#create as HTML
  Parameters: {"utf8"=>"✓", "authenticity_token"=>"J3rZlryOESsg0Klf8lPT/MXAETWtfR/dizZgYCSZD8g=", "email"=>"nicozuasti@gmail.com", "password"=>"[FILTERED]", "commit"=>"Save changes"}
Completed 500 Internal Server Error in 2ms

SyntaxError (/home/zonic/Dropbox/rails_projects/anatomia/app/models/user.rb:26: syntax error, unexpected end-of-input, expecting keyword_end):
  app/controllers/sessions_controller.rb:6:in `create'


  Rendered /home/zonic/.rvm/gems/ruby-2.0.0-p0/gems/actionpack-3.2.13/lib/action_dispatch/middleware/templates/rescues/_trace.erb (1.0ms)
  Rendered /home/zonic/.rvm/gems/ruby-2.0.0-p0/gems/actionpack-3.2.13/lib/action_dispatch/middleware/templates/rescues/_request_and_response.erb (0.9ms)
  Rendered /home/zonic/.rvm/gems/ruby-2.0.0-p0/gems/actionpack-3.2.13/lib/action_dispatch/middleware/templates/rescues/diagnostics.erb within rescues/layout (6.7ms)


Started POST "/sessions" for 127.0.0.1 at 2013-04-02 20:17:41 -0300
Processing by SessionsController#create as HTML
  Parameters: {"utf8"=>"✓", "authenticity_token"=>"J3rZlryOESsg0Klf8lPT/MXAETWtfR/dizZgYCSZD8g=", "email"=>"nicozuasti@gmail.com", "password"=>"[FILTERED]", "commit"=>"Save changes"}
  [1m[36mUser Load (0.3ms)[0m  [1mSELECT "users".* FROM "users" WHERE "users"."email" = 'nicozuasti@gmail.com' LIMIT 1[0m
  Rendered sessions/new.html.erb within layouts/application (1.1ms)
Completed 200 OK in 262ms (Views: 16.2ms | ActiveRecord: 1.2ms)


Started GET "/assets/application.css?body=1" for 127.0.0.1 at 2013-04-02 20:17:42 -0300
Served asset /application.css - 304 Not Modified (42ms)


Started GET "/assets/jquery.js?body=1" for 127.0.0.1 at 2013-04-02 20:17:42 -0300
Served asset /jquery.js - 304 Not Modified (2ms)


Started GET "/assets/sessions.css?body=1" for 127.0.0.1 at 2013-04-02 20:17:42 -0300
Served asset /sessions.css - 304 Not Modified (1ms)


Started GET "/assets/jquery_ujs.js?body=1" for 127.0.0.1 at 2013-04-02 20:17:42 -0300
Served asset /jquery_ujs.js - 304 Not Modified (0ms)


Started GET "/assets/sessions.js?body=1" for 127.0.0.1 at 2013-04-02 20:17:42 -0300
Served asset /sessions.js - 304 Not Modified (0ms)


Started GET "/assets/users.css?body=1" for 127.0.0.1 at 2013-04-02 20:17:42 -0300
Served asset /users.css - 304 Not Modified (0ms)


Started GET "/assets/users.js?body=1" for 127.0.0.1 at 2013-04-02 20:17:42 -0300
Served asset /users.js - 304 Not Modified (0ms)


Started GET "/assets/application.js?body=1" for 127.0.0.1 at 2013-04-02 20:17:42 -0300
Served asset /application.js - 304 Not Modified (1ms)


Started POST "/sessions" for 127.0.0.1 at 2013-04-02 20:17:52 -0300
Processing by SessionsController#create as HTML
  Parameters: {"utf8"=>"✓", "authenticity_token"=>"J3rZlryOESsg0Klf8lPT/MXAETWtfR/dizZgYCSZD8g=", "email"=>"nicozuasti@gmail.com", "password"=>"[FILTERED]", "commit"=>"Save changes"}
  [1m[35mUser Load (0.3ms)[0m  SELECT "users".* FROM "users" WHERE "users"."email" = 'nicozuasti@gmail.com' LIMIT 1
  Rendered sessions/new.html.erb within layouts/application (0.8ms)
Completed 200 OK in 99ms (Views: 15.0ms | ActiveRecord: 0.3ms)


Started GET "/assets/application.css?body=1" for 127.0.0.1 at 2013-04-02 20:17:52 -0300
Served asset /application.css - 304 Not Modified (2ms)


Started GET "/assets/sessions.css?body=1" for 127.0.0.1 at 2013-04-02 20:17:52 -0300
Served asset /sessions.css - 304 Not Modified (1ms)


Started GET "/assets/users.css?body=1" for 127.0.0.1 at 2013-04-02 20:17:53 -0300
Served asset /users.css - 304 Not Modified (0ms)


Started GET "/assets/sessions.js?body=1" for 127.0.0.1 at 2013-04-02 20:17:53 -0300
Served asset /sessions.js - 304 Not Modified (0ms)


Started GET "/assets/jquery_ujs.js?body=1" for 127.0.0.1 at 2013-04-02 20:17:53 -0300
Served asset /jquery_ujs.js - 304 Not Modified (0ms)


Started GET "/assets/jquery.js?body=1" for 127.0.0.1 at 2013-04-02 20:17:53 -0300
Served asset /jquery.js - 304 Not Modified (0ms)


Started GET "/assets/users.js?body=1" for 127.0.0.1 at 2013-04-02 20:17:53 -0300
Served asset /users.js - 304 Not Modified (0ms)


Started GET "/assets/application.js?body=1" for 127.0.0.1 at 2013-04-02 20:17:53 -0300
Served asset /application.js - 304 Not Modified (1ms)


Started GET "/sign_up" for 127.0.0.1 at 2013-04-02 20:18:43 -0300
Processing by UsersController#new as HTML
  Rendered users/new.html.erb within layouts/application (6.8ms)
Completed 200 OK in 22ms (Views: 21.6ms | ActiveRecord: 0.0ms)


Started GET "/assets/application.css?body=1" for 127.0.0.1 at 2013-04-02 20:18:44 -0300
Served asset /application.css - 304 Not Modified (11ms)


Started GET "/assets/jquery_ujs.js?body=1" for 127.0.0.1 at 2013-04-02 20:18:44 -0300
Served asset /jquery_ujs.js - 304 Not Modified (0ms)


Started GET "/assets/sessions.css?body=1" for 127.0.0.1 at 2013-04-02 20:18:44 -0300
Served asset /sessions.css - 304 Not Modified (0ms)


Started GET "/assets/sessions.js?body=1" for 127.0.0.1 at 2013-04-02 20:18:44 -0300
Served asset /sessions.js - 304 Not Modified (0ms)


Started GET "/assets/users.css?body=1" for 127.0.0.1 at 2013-04-02 20:18:44 -0300
Served asset /users.css - 304 Not Modified (0ms)


Started GET "/assets/jquery.js?body=1" for 127.0.0.1 at 2013-04-02 20:18:44 -0300
Served asset /jquery.js - 304 Not Modified (2ms)


Started GET "/assets/users.js?body=1" for 127.0.0.1 at 2013-04-02 20:18:44 -0300
Served asset /users.js - 304 Not Modified (0ms)


Started GET "/assets/application.js?body=1" for 127.0.0.1 at 2013-04-02 20:18:44 -0300
Served asset /application.js - 304 Not Modified (36ms)


Started POST "/users" for 127.0.0.1 at 2013-04-02 20:18:49 -0300
Processing by UsersController#create as HTML
  Parameters: {"utf8"=>"✓", "authenticity_token"=>"J3rZlryOESsg0Klf8lPT/MXAETWtfR/dizZgYCSZD8g=", "user"=>{"email"=>"nicozuasti@gmail.com", "password"=>"[FILTERED]", "password_confirmation"=>"[FILTERED]"}, "commit"=>"Create User"}
  [1m[36m (0.1ms)[0m  [1mbegin transaction[0m
  [1m[35mUser Exists (0.1ms)[0m  SELECT 1 AS one FROM "users" WHERE "users"."email" = 'nicozuasti@gmail.com' LIMIT 1
Binary data inserted for `string` type on column `password_hash`
Binary data inserted for `string` type on column `password_salt`
  [1m[36mSQL (1.0ms)[0m  [1mINSERT INTO "users" ("created_at", "email", "password_hash", "password_salt", "updated_at") VALUES (?, ?, ?, ?, ?)[0m  [["created_at", Tue, 02 Apr 2013 23:18:50 UTC +00:00], ["email", "nicozuasti@gmail.com"], ["password_hash", "$2a$10$x23gqVGTkHTIukDCwEowM.kJM.g3Y/Yu0FnVbXsAXQAchmXYQjM4a"], ["password_salt", "$2a$10$x23gqVGTkHTIukDCwEowM."], ["updated_at", Tue, 02 Apr 2013 23:18:50 UTC +00:00]]
  [1m[35m (289.3ms)[0m  commit transaction
Redirected to http://localhost:3000/
Completed 302 Found in 392ms (ActiveRecord: 290.6ms)


Started GET "/assets/rails.png" for 127.0.0.1 at 2013-04-02 20:18:50 -0300
Served asset /rails.png - 304 Not Modified (2ms)


Started GET "/log_in" for 127.0.0.1 at 2013-04-02 20:18:55 -0300
Processing by SessionsController#new as HTML
  Rendered sessions/new.html.erb within layouts/application (2.0ms)
Completed 200 OK in 22ms (Views: 21.6ms | ActiveRecord: 0.0ms)


Started GET "/assets/application.css?body=1" for 127.0.0.1 at 2013-04-02 20:18:55 -0300
Served asset /application.css - 304 Not Modified (11ms)


Started GET "/assets/users.css?body=1" for 127.0.0.1 at 2013-04-02 20:18:55 -0300
Served asset /users.css - 304 Not Modified (0ms)


Started GET "/assets/sessions.css?body=1" for 127.0.0.1 at 2013-04-02 20:18:55 -0300
Served asset /sessions.css - 304 Not Modified (1ms)


Started GET "/assets/sessions.js?body=1" for 127.0.0.1 at 2013-04-02 20:18:55 -0300
Served asset /sessions.js - 304 Not Modified (0ms)


Started GET "/assets/jquery.js?body=1" for 127.0.0.1 at 2013-04-02 20:18:55 -0300
Served asset /jquery.js - 304 Not Modified (1ms)


Started GET "/assets/jquery_ujs.js?body=1" for 127.0.0.1 at 2013-04-02 20:18:55 -0300
Served asset /jquery_ujs.js - 304 Not Modified (0ms)


Started GET "/assets/users.js?body=1" for 127.0.0.1 at 2013-04-02 20:18:55 -0300
Served asset /users.js - 304 Not Modified (0ms)


Started GET "/assets/application.js?body=1" for 127.0.0.1 at 2013-04-02 20:18:55 -0300
Served asset /application.js - 304 Not Modified (1ms)


Started POST "/sessions" for 127.0.0.1 at 2013-04-02 20:19:02 -0300
Processing by SessionsController#create as HTML
  Parameters: {"utf8"=>"✓", "authenticity_token"=>"J3rZlryOESsg0Klf8lPT/MXAETWtfR/dizZgYCSZD8g=", "email"=>"nicozuasti@gmail.com", "password"=>"[FILTERED]", "commit"=>"Save changes"}
  [1m[36mUser Load (0.3ms)[0m  [1mSELECT "users".* FROM "users" WHERE "users"."email" = 'nicozuasti@gmail.com' LIMIT 1[0m
  Rendered sessions/new.html.erb within layouts/application (0.6ms)
Completed 200 OK in 108ms (Views: 15.1ms | ActiveRecord: 0.3ms)


Started GET "/assets/application.css?body=1" for 127.0.0.1 at 2013-04-02 20:19:02 -0300
Served asset /application.css - 304 Not Modified (1ms)


Started GET "/assets/sessions.css?body=1" for 127.0.0.1 at 2013-04-02 20:19:02 -0300
Served asset /sessions.css - 304 Not Modified (1ms)


Started GET "/assets/jquery.js?body=1" for 127.0.0.1 at 2013-04-02 20:19:02 -0300
Served asset /jquery.js - 304 Not Modified (7ms)


Started GET "/assets/sessions.js?body=1" for 127.0.0.1 at 2013-04-02 20:19:02 -0300
Served asset /sessions.js - 304 Not Modified (0ms)


Started GET "/assets/users.css?body=1" for 127.0.0.1 at 2013-04-02 20:19:02 -0300
Served asset /users.css - 304 Not Modified (0ms)


Started GET "/assets/jquery_ujs.js?body=1" for 127.0.0.1 at 2013-04-02 20:19:02 -0300
Served asset /jquery_ujs.js - 304 Not Modified (0ms)


Started GET "/assets/users.js?body=1" for 127.0.0.1 at 2013-04-02 20:19:02 -0300
Served asset /users.js - 304 Not Modified (0ms)


Started GET "/assets/application.js?body=1" for 127.0.0.1 at 2013-04-02 20:19:02 -0300
Served asset /application.js - 304 Not Modified (32ms)


Started POST "/sessions" for 127.0.0.1 at 2013-04-02 20:19:17 -0300
Processing by SessionsController#create as HTML
  Parameters: {"utf8"=>"✓", "authenticity_token"=>"J3rZlryOESsg0Klf8lPT/MXAETWtfR/dizZgYCSZD8g=", "email"=>"nicozuasti@gmail.com", "password"=>"[FILTERED]", "commit"=>"Save changes"}
  [1m[35mUser Load (0.3ms)[0m  SELECT "users".* FROM "users" WHERE "users"."email" = 'nicozuasti@gmail.com' LIMIT 1
  Rendered sessions/new.html.erb within layouts/application (0.9ms)
Completed 200 OK in 116ms (Views: 24.1ms | ActiveRecord: 0.3ms)


Started GET "/assets/application.css?body=1" for 127.0.0.1 at 2013-04-02 20:19:18 -0300
Served asset /application.css - 304 Not Modified (16ms)


Started GET "/assets/users.css?body=1" for 127.0.0.1 at 2013-04-02 20:19:18 -0300
Served asset /users.css - 304 Not Modified (0ms)


Started GET "/assets/jquery.js?body=1" for 127.0.0.1 at 2013-04-02 20:19:18 -0300
Served asset /jquery.js - 304 Not Modified (1ms)


Started GET "/assets/jquery_ujs.js?body=1" for 127.0.0.1 at 2013-04-02 20:19:18 -0300
Served asset /jquery_ujs.js - 304 Not Modified (0ms)


Started GET "/assets/sessions.js?body=1" for 127.0.0.1 at 2013-04-02 20:19:18 -0300
Served asset /sessions.js - 304 Not Modified (0ms)


Started GET "/assets/sessions.css?body=1" for 127.0.0.1 at 2013-04-02 20:19:18 -0300
Served asset /sessions.css - 304 Not Modified (0ms)


Started GET "/assets/users.js?body=1" for 127.0.0.1 at 2013-04-02 20:19:18 -0300
Served asset /users.js - 304 Not Modified (0ms)


Started GET "/assets/application.js?body=1" for 127.0.0.1 at 2013-04-02 20:19:18 -0300
Served asset /application.js - 304 Not Modified (1ms)


Started POST "/sessions" for 127.0.0.1 at 2013-04-02 20:21:08 -0300
Processing by SessionsController#create as HTML
  Parameters: {"utf8"=>"✓", "authenticity_token"=>"J3rZlryOESsg0Klf8lPT/MXAETWtfR/dizZgYCSZD8g=", "email"=>"usuario@sistema.com", "password"=>"[FILTERED]", "commit"=>"Save changes"}
  [1m[36mUser Load (0.1ms)[0m  [1mSELECT "users".* FROM "users" WHERE "users"."email" = 'usuario@sistema.com' LIMIT 1[0m
  Rendered sessions/new.html.erb within layouts/application (0.7ms)
Completed 200 OK in 21ms (Views: 16.2ms | ActiveRecord: 0.7ms)


Started GET "/assets/sessions.css?body=1" for 127.0.0.1 at 2013-04-02 20:21:08 -0300
Served asset /sessions.css - 304 Not Modified (6ms)


Started GET "/assets/jquery_ujs.js?body=1" for 127.0.0.1 at 2013-04-02 20:21:08 -0300
Served asset /jquery_ujs.js - 304 Not Modified (2ms)


Started GET "/assets/users.css?body=1" for 127.0.0.1 at 2013-04-02 20:21:08 -0300
Served asset /users.css - 304 Not Modified (4ms)


Started GET "/assets/sessions.js?body=1" for 127.0.0.1 at 2013-04-02 20:21:08 -0300
Served asset /sessions.js - 304 Not Modified (0ms)


Started GET "/assets/application.css?body=1" for 127.0.0.1 at 2013-04-02 20:21:08 -0300
Served asset /application.css - 304 Not Modified (1ms)


Started GET "/assets/jquery.js?body=1" for 127.0.0.1 at 2013-04-02 20:21:08 -0300
Served asset /jquery.js - 304 Not Modified (1ms)


Started GET "/assets/users.js?body=1" for 127.0.0.1 at 2013-04-02 20:21:08 -0300
Served asset /users.js - 304 Not Modified (0ms)


Started GET "/assets/application.js?body=1" for 127.0.0.1 at 2013-04-02 20:21:08 -0300
Served asset /application.js - 304 Not Modified (1ms)


Started POST "/sessions" for 127.0.0.1 at 2013-04-02 20:21:09 -0300
Processing by SessionsController#create as HTML
  Parameters: {"utf8"=>"✓", "authenticity_token"=>"J3rZlryOESsg0Klf8lPT/MXAETWtfR/dizZgYCSZD8g=", "email"=>"usuario@sistema.com", "password"=>"[FILTERED]", "commit"=>"Save changes"}
  [1m[35mUser Load (0.3ms)[0m  SELECT "users".* FROM "users" WHERE "users"."email" = 'usuario@sistema.com' LIMIT 1
  Rendered sessions/new.html.erb within layouts/application (2.1ms)
Completed 200 OK in 55ms (Views: 53.5ms | ActiveRecord: 0.3ms)


Started GET "/assets/sessions.css?body=1" for 127.0.0.1 at 2013-04-02 20:21:09 -0300
Served asset /sessions.css - 304 Not Modified (0ms)


Started GET "/assets/users.css?body=1" for 127.0.0.1 at 2013-04-02 20:21:09 -0300
Served asset /users.css - 304 Not Modified (3ms)


Started GET "/assets/application.css?body=1" for 127.0.0.1 at 2013-04-02 20:21:09 -0300
Served asset /application.css - 304 Not Modified (6ms)


Started GET "/assets/sessions.js?body=1" for 127.0.0.1 at 2013-04-02 20:21:09 -0300
Served asset /sessions.js - 304 Not Modified (0ms)


Started GET "/assets/jquery.js?body=1" for 127.0.0.1 at 2013-04-02 20:21:09 -0300
Served asset /jquery.js - 304 Not Modified (1ms)


Started GET "/assets/jquery_ujs.js?body=1" for 127.0.0.1 at 2013-04-02 20:21:09 -0300
Served asset /jquery_ujs.js - 304 Not Modified (0ms)


Started GET "/assets/users.js?body=1" for 127.0.0.1 at 2013-04-02 20:21:09 -0300
Served asset /users.js - 304 Not Modified (0ms)


Started GET "/assets/application.js?body=1" for 127.0.0.1 at 2013-04-02 20:21:09 -0300
Served asset /application.js - 304 Not Modified (1ms)


Started POST "/sessions" for 127.0.0.1 at 2013-04-02 20:21:18 -0300
Processing by SessionsController#create as HTML
  Parameters: {"utf8"=>"✓", "authenticity_token"=>"J3rZlryOESsg0Klf8lPT/MXAETWtfR/dizZgYCSZD8g=", "email"=>"nicozuasti@gmail.com", "password"=>"[FILTERED]", "commit"=>"Save changes"}
  [1m[36mUser Load (0.3ms)[0m  [1mSELECT "users".* FROM "users" WHERE "users"."email" = 'nicozuasti@gmail.com' LIMIT 1[0m
Redirected to http://localhost:3000/
Completed 302 Found in 97ms (ActiveRecord: 0.3ms)


Started GET "/assets/rails.png" for 127.0.0.1 at 2013-04-02 20:21:18 -0300
Served asset /rails.png - 304 Not Modified (0ms)
Connecting to database specified by database.yml


Started GET "/log_in" for 127.0.0.1 at 2013-04-02 20:22:20 -0300
Processing by SessionsController#new as HTML
  Rendered sessions/new.html.erb within layouts/application (1.8ms)
Completed 200 OK in 54ms (Views: 53.0ms | ActiveRecord: 0.0ms)


Started GET "/assets/application.css?body=1" for 127.0.0.1 at 2013-04-02 20:22:21 -0300
Served asset /application.css - 304 Not Modified (10ms)


Started GET "/assets/users.css?body=1" for 127.0.0.1 at 2013-04-02 20:22:21 -0300
Served asset /users.css - 304 Not Modified (7ms)


Started GET "/assets/jquery_ujs.js?body=1" for 127.0.0.1 at 2013-04-02 20:22:21 -0300
Served asset /jquery_ujs.js - 304 Not Modified (4ms)


Started GET "/assets/sessions.css?body=1" for 127.0.0.1 at 2013-04-02 20:22:21 -0300
Served asset /sessions.css - 304 Not Modified (1ms)


Started GET "/assets/jquery.js?body=1" for 127.0.0.1 at 2013-04-02 20:22:21 -0300
Served asset /jquery.js - 304 Not Modified (3ms)


Started GET "/assets/sessions.js?body=1" for 127.0.0.1 at 2013-04-02 20:22:21 -0300
Served asset /sessions.js - 304 Not Modified (1ms)


Started GET "/assets/users.js?body=1" for 127.0.0.1 at 2013-04-02 20:22:21 -0300
Served asset /users.js - 304 Not Modified (1ms)


Started GET "/assets/application.js?body=1" for 127.0.0.1 at 2013-04-02 20:22:21 -0300
Served asset /application.js - 304 Not Modified (6ms)


Started POST "/sessions" for 127.0.0.1 at 2013-04-02 20:22:25 -0300
Processing by SessionsController#create as HTML
  Parameters: {"utf8"=>"✓", "authenticity_token"=>"J3rZlryOESsg0Klf8lPT/MXAETWtfR/dizZgYCSZD8g=", "email"=>"nicozuasti@gmail.com", "password"=>"[FILTERED]", "commit"=>"Save changes"}
  [1m[36mUser Load (0.1ms)[0m  [1mSELECT "users".* FROM "users" WHERE "users"."email" = 'nicozuasti@gmail.com' LIMIT 1[0m
Redirected to http://localhost:3000/
Completed 302 Found in 136ms (ActiveRecord: 1.0ms)


Started GET "/" for 127.0.0.1 at 2013-04-02 20:22:25 -0300
Processing by UsersController#new as HTML
  Rendered users/new.html.erb within layouts/application (7.1ms)
Completed 200 OK in 24ms (Views: 23.4ms | ActiveRecord: 0.0ms)


Started GET "/assets/application.css?body=1" for 127.0.0.1 at 2013-04-02 20:22:25 -0300
Served asset /application.css - 304 Not Modified (0ms)


Started GET "/assets/users.css?body=1" for 127.0.0.1 at 2013-04-02 20:22:25 -0300
Served asset /users.css - 304 Not Modified (0ms)


Started GET "/assets/sessions.css?body=1" for 127.0.0.1 at 2013-04-02 20:22:25 -0300
Served asset /sessions.css - 304 Not Modified (0ms)


Started GET "/assets/sessions.js?body=1" for 127.0.0.1 at 2013-04-02 20:22:25 -0300
Served asset /sessions.js - 304 Not Modified (0ms)


Started GET "/assets/jquery.js?body=1" for 127.0.0.1 at 2013-04-02 20:22:25 -0300
Served asset /jquery.js - 304 Not Modified (0ms)


Started GET "/assets/jquery_ujs.js?body=1" for 127.0.0.1 at 2013-04-02 20:22:25 -0300
Served asset /jquery_ujs.js - 304 Not Modified (0ms)


Started GET "/assets/users.js?body=1" for 127.0.0.1 at 2013-04-02 20:22:25 -0300
Served asset /users.js - 304 Not Modified (0ms)


Started GET "/assets/application.js?body=1" for 127.0.0.1 at 2013-04-02 20:22:25 -0300
Served asset /application.js - 304 Not Modified (1ms)


Started GET "/log_in" for 127.0.0.1 at 2013-04-02 20:24:22 -0300
Processing by SessionsController#new as HTML
  Rendered sessions/new.html.erb within layouts/application (0.8ms)
Completed 200 OK in 15ms (Views: 14.6ms | ActiveRecord: 0.0ms)


Started GET "/assets/application.css?body=1" for 127.0.0.1 at 2013-04-02 20:24:22 -0300
Served asset /application.css - 304 Not Modified (4ms)


Started GET "/assets/sessions.css?body=1" for 127.0.0.1 at 2013-04-02 20:24:22 -0300
Served asset /sessions.css - 304 Not Modified (1ms)


Started GET "/assets/jquery_ujs.js?body=1" for 127.0.0.1 at 2013-04-02 20:24:22 -0300
Served asset /jquery_ujs.js - 304 Not Modified (0ms)


Started GET "/assets/sessions.js?body=1" for 127.0.0.1 at 2013-04-02 20:24:22 -0300
Served asset /sessions.js - 304 Not Modified (2ms)


Started GET "/assets/users.css?body=1" for 127.0.0.1 at 2013-04-02 20:24:22 -0300
Served asset /users.css - 304 Not Modified (0ms)


Started GET "/assets/jquery.js?body=1" for 127.0.0.1 at 2013-04-02 20:24:22 -0300
Served asset /jquery.js - 304 Not Modified (1ms)


Started GET "/assets/users.js?body=1" for 127.0.0.1 at 2013-04-02 20:24:22 -0300
Served asset /users.js - 304 Not Modified (0ms)


Started GET "/assets/application.js?body=1" for 127.0.0.1 at 2013-04-02 20:24:22 -0300
Served asset /application.js - 304 Not Modified (1ms)


Started GET "/log_out" for 127.0.0.1 at 2013-04-02 20:24:23 -0300
Processing by SessionsController#destroy as HTML
Redirected to http://localhost:3000/
Completed 302 Found in 1ms (ActiveRecord: 0.0ms)


Started GET "/" for 127.0.0.1 at 2013-04-02 20:24:23 -0300
Processing by UsersController#new as HTML
  Rendered users/new.html.erb within layouts/application (2.7ms)
Completed 200 OK in 26ms (Views: 17.3ms | ActiveRecord: 0.4ms)


Started GET "/assets/application.css?body=1" for 127.0.0.1 at 2013-04-02 20:24:23 -0300
Served asset /application.css - 304 Not Modified (2ms)


Started GET "/assets/jquery.js?body=1" for 127.0.0.1 at 2013-04-02 20:24:23 -0300
Served asset /jquery.js - 304 Not Modified (2ms)


Started GET "/assets/sessions.js?body=1" for 127.0.0.1 at 2013-04-02 20:24:24 -0300
Served asset /sessions.js - 304 Not Modified (1ms)


Started GET "/assets/jquery_ujs.js?body=1" for 127.0.0.1 at 2013-04-02 20:24:24 -0300
Served asset /jquery_ujs.js - 304 Not Modified (0ms)


Started GET "/assets/sessions.css?body=1" for 127.0.0.1 at 2013-04-02 20:24:24 -0300
Served asset /sessions.css - 304 Not Modified (0ms)


Started GET "/assets/users.css?body=1" for 127.0.0.1 at 2013-04-02 20:24:24 -0300
Served asset /users.css - 304 Not Modified (0ms)


Started GET "/assets/users.js?body=1" for 127.0.0.1 at 2013-04-02 20:24:24 -0300
Served asset /users.js - 304 Not Modified (0ms)


Started GET "/assets/application.js?body=1" for 127.0.0.1 at 2013-04-02 20:24:24 -0300
Served asset /application.js - 304 Not Modified (1ms)
Connecting to database specified by database.yml


Started GET "/" for 127.0.0.1 at 2013-04-03 20:43:47 -0300
Processing by UsersController#new as HTML
  Rendered users/new.html.erb within layouts/application (85.4ms)
Completed 200 OK in 829ms (Views: 724.1ms | ActiveRecord: 9.6ms)


Started GET "/assets/application.css?body=1" for 127.0.0.1 at 2013-04-03 20:43:49 -0300
Served asset /application.css - 304 Not Modified (5ms)


Started GET "/assets/sessions.css?body=1" for 127.0.0.1 at 2013-04-03 20:43:49 -0300
Served asset /sessions.css - 304 Not Modified (3ms)


Started GET "/assets/jquery.js?body=1" for 127.0.0.1 at 2013-04-03 20:43:49 -0300
Served asset /jquery.js - 304 Not Modified (29ms)


Started GET "/assets/users.css?body=1" for 127.0.0.1 at 2013-04-03 20:43:49 -0300
Served asset /users.css - 304 Not Modified (1ms)


Started GET "/assets/sessions.js?body=1" for 127.0.0.1 at 2013-04-03 20:43:49 -0300
Served asset /sessions.js - 304 Not Modified (2ms)


Started GET "/assets/jquery_ujs.js?body=1" for 127.0.0.1 at 2013-04-03 20:43:49 -0300
Served asset /jquery_ujs.js - 304 Not Modified (2ms)


Started GET "/assets/users.js?body=1" for 127.0.0.1 at 2013-04-03 20:43:49 -0300
Served asset /users.js - 304 Not Modified (3ms)


Started GET "/assets/application.js?body=1" for 127.0.0.1 at 2013-04-03 20:43:49 -0300
Served asset /application.js - 304 Not Modified (4ms)


Started GET "/sign_up" for 127.0.0.1 at 2013-04-03 20:43:58 -0300
Processing by UsersController#new as HTML
  Rendered users/new.html.erb within layouts/application (5.5ms)
Completed 200 OK in 24ms (Views: 23.3ms | ActiveRecord: 0.0ms)


Started GET "/assets/application.css?body=1" for 127.0.0.1 at 2013-04-03 20:43:58 -0300
Served asset /application.css - 304 Not Modified (1ms)


Started GET "/assets/users.css?body=1" for 127.0.0.1 at 2013-04-03 20:43:58 -0300
Served asset /users.css - 304 Not Modified (2ms)


Started GET "/assets/sessions.css?body=1" for 127.0.0.1 at 2013-04-03 20:43:58 -0300
Served asset /sessions.css - 304 Not Modified (0ms)


Started GET "/assets/jquery_ujs.js?body=1" for 127.0.0.1 at 2013-04-03 20:43:58 -0300
Served asset /jquery_ujs.js - 304 Not Modified (0ms)


Started GET "/assets/jquery.js?body=1" for 127.0.0.1 at 2013-04-03 20:43:58 -0300
Served asset /jquery.js - 304 Not Modified (1ms)


Started GET "/assets/sessions.js?body=1" for 127.0.0.1 at 2013-04-03 20:43:58 -0300
Served asset /sessions.js - 304 Not Modified (0ms)


Started GET "/assets/users.js?body=1" for 127.0.0.1 at 2013-04-03 20:43:58 -0300
Served asset /users.js - 304 Not Modified (0ms)


Started GET "/assets/application.js?body=1" for 127.0.0.1 at 2013-04-03 20:43:58 -0300
Served asset /application.js - 304 Not Modified (1ms)


Started GET "/log_in" for 127.0.0.1 at 2013-04-03 20:44:00 -0300
Processing by SessionsController#new as HTML
  Rendered sessions/new.html.erb within layouts/application (1.9ms)
Completed 200 OK in 25ms (Views: 24.8ms | ActiveRecord: 0.0ms)


Started GET "/assets/application.css?body=1" for 127.0.0.1 at 2013-04-03 20:44:00 -0300
Served asset /application.css - 304 Not Modified (3ms)


Started GET "/assets/jquery_ujs.js?body=1" for 127.0.0.1 at 2013-04-03 20:44:00 -0300
Served asset /jquery_ujs.js - 304 Not Modified (4ms)


Started GET "/assets/sessions.js?body=1" for 127.0.0.1 at 2013-04-03 20:44:00 -0300
Served asset /sessions.js - 304 Not Modified (0ms)


Started GET "/assets/jquery.js?body=1" for 127.0.0.1 at 2013-04-03 20:44:00 -0300
Served asset /jquery.js - 304 Not Modified (5ms)


Started GET "/assets/sessions.css?body=1" for 127.0.0.1 at 2013-04-03 20:44:00 -0300
Served asset /sessions.css - 304 Not Modified (0ms)


Started GET "/assets/users.css?body=1" for 127.0.0.1 at 2013-04-03 20:44:00 -0300
Served asset /users.css - 304 Not Modified (0ms)


Started GET "/assets/users.js?body=1" for 127.0.0.1 at 2013-04-03 20:44:00 -0300
Served asset /users.js - 304 Not Modified (0ms)


Started GET "/assets/application.js?body=1" for 127.0.0.1 at 2013-04-03 20:44:00 -0300
Served asset /application.js - 304 Not Modified (1ms)


Started POST "/sessions" for 127.0.0.1 at 2013-04-03 20:44:04 -0300
Processing by SessionsController#create as HTML
  Parameters: {"utf8"=>"✓", "authenticity_token"=>"J3rZlryOESsg0Klf8lPT/MXAETWtfR/dizZgYCSZD8g=", "email"=>"nicozuasti@gmail.com", "password"=>"[FILTERED]", "commit"=>"Save changes"}
  [1m[36mUser Load (0.2ms)[0m  [1mSELECT "users".* FROM "users" WHERE "users"."email" = 'nicozuasti@gmail.com' LIMIT 1[0m
Redirected to http://localhost:3000/
Completed 302 Found in 211ms (ActiveRecord: 0.2ms)


Started GET "/" for 127.0.0.1 at 2013-04-03 20:44:04 -0300
Processing by UsersController#new as HTML
  Rendered users/new.html.erb within layouts/application (2.6ms)
  [1m[35mUser Load (122.9ms)[0m  SELECT "users".* FROM "users" WHERE "users"."id" = ? LIMIT 1  [["id", 2]]
Completed 200 OK in 143ms (Views: 19.6ms | ActiveRecord: 122.9ms)


Started GET "/assets/application.css?body=1" for 127.0.0.1 at 2013-04-03 20:44:04 -0300
Served asset /application.css - 304 Not Modified (3ms)


Started GET "/assets/users.css?body=1" for 127.0.0.1 at 2013-04-03 20:44:04 -0300
Served asset /users.css - 304 Not Modified (2ms)


Started GET "/assets/jquery_ujs.js?body=1" for 127.0.0.1 at 2013-04-03 20:44:04 -0300
Served asset /jquery_ujs.js - 304 Not Modified (1ms)


Started GET "/assets/sessions.js?body=1" for 127.0.0.1 at 2013-04-03 20:44:04 -0300
Served asset /sessions.js - 304 Not Modified (0ms)


Started GET "/assets/sessions.css?body=1" for 127.0.0.1 at 2013-04-03 20:44:04 -0300
Served asset /sessions.css - 304 Not Modified (0ms)


Started GET "/assets/jquery.js?body=1" for 127.0.0.1 at 2013-04-03 20:44:04 -0300
Served asset /jquery.js - 304 Not Modified (1ms)


Started GET "/assets/users.js?body=1" for 127.0.0.1 at 2013-04-03 20:44:04 -0300
Served asset /users.js - 304 Not Modified (0ms)


Started GET "/assets/application.js?body=1" for 127.0.0.1 at 2013-04-03 20:44:04 -0300
Served asset /application.js - 304 Not Modified (3ms)


Started GET "/" for 127.0.0.1 at 2013-04-03 20:44:10 -0300
Processing by UsersController#new as HTML
  Rendered users/new.html.erb within layouts/application (2.7ms)
  [1m[36mUser Load (0.1ms)[0m  [1mSELECT "users".* FROM "users" WHERE "users"."id" = ? LIMIT 1[0m  [["id", 2]]
Completed 200 OK in 22ms (Views: 21.2ms | ActiveRecord: 0.1ms)


Started GET "/assets/application.css?body=1" for 127.0.0.1 at 2013-04-03 20:44:10 -0300
Served asset /application.css - 304 Not Modified (5ms)


Started GET "/assets/sessions.css?body=1" for 127.0.0.1 at 2013-04-03 20:44:10 -0300
Served asset /sessions.css - 304 Not Modified (30ms)


Started GET "/assets/users.css?body=1" for 127.0.0.1 at 2013-04-03 20:44:10 -0300
Served asset /users.css - 304 Not Modified (0ms)


Started GET "/assets/jquery_ujs.js?body=1" for 127.0.0.1 at 2013-04-03 20:44:10 -0300
Served asset /jquery_ujs.js - 304 Not Modified (0ms)


Started GET "/assets/sessions.js?body=1" for 127.0.0.1 at 2013-04-03 20:44:10 -0300
Served asset /sessions.js - 304 Not Modified (0ms)


Started GET "/assets/jquery.js?body=1" for 127.0.0.1 at 2013-04-03 20:44:10 -0300
Served asset /jquery.js - 304 Not Modified (1ms)


Started GET "/assets/users.js?body=1" for 127.0.0.1 at 2013-04-03 20:44:10 -0300
Served asset /users.js - 304 Not Modified (0ms)


Started GET "/assets/application.js?body=1" for 127.0.0.1 at 2013-04-03 20:44:10 -0300
Served asset /application.js - 304 Not Modified (1ms)


Started GET "/log_out" for 127.0.0.1 at 2013-04-03 20:44:13 -0300
Processing by SessionsController#destroy as HTML
Redirected to http://localhost:3000/
Completed 302 Found in 1ms (ActiveRecord: 0.0ms)


Started GET "/" for 127.0.0.1 at 2013-04-03 20:44:13 -0300
Processing by UsersController#new as HTML
  Rendered users/new.html.erb within layouts/application (5.0ms)
Completed 200 OK in 20ms (Views: 20.0ms | ActiveRecord: 0.0ms)


Started GET "/assets/application.css?body=1" for 127.0.0.1 at 2013-04-03 20:44:13 -0300
Served asset /application.css - 304 Not Modified (14ms)


Started GET "/assets/sessions.js?body=1" for 127.0.0.1 at 2013-04-03 20:44:13 -0300
Served asset /sessions.js - 304 Not Modified (0ms)


Started GET "/assets/sessions.css?body=1" for 127.0.0.1 at 2013-04-03 20:44:13 -0300
Served asset /sessions.css - 304 Not Modified (1ms)


Started GET "/assets/users.css?body=1" for 127.0.0.1 at 2013-04-03 20:44:13 -0300
Served asset /users.css - 304 Not Modified (0ms)


Started GET "/assets/jquery_ujs.js?body=1" for 127.0.0.1 at 2013-04-03 20:44:13 -0300
Served asset /jquery_ujs.js - 304 Not Modified (0ms)


Started GET "/assets/jquery.js?body=1" for 127.0.0.1 at 2013-04-03 20:44:13 -0300
Served asset /jquery.js - 304 Not Modified (1ms)


Started GET "/assets/users.js?body=1" for 127.0.0.1 at 2013-04-03 20:44:13 -0300
Served asset /users.js - 304 Not Modified (0ms)


Started GET "/assets/application.js?body=1" for 127.0.0.1 at 2013-04-03 20:44:13 -0300
Served asset /application.js - 304 Not Modified (1ms)
